C:\USERS\DIMI\DOCUMENTS\VISUAL STUDIO 2010\PROJECTS\POINTCLOUDCOMBINE\DEBUG\POINTCLOUDCOMBINE.EXE
C:\USERS\DIMI\DOCUMENTS\VISUAL STUDIO 2010\PROJECTS\POINTCLOUDCOMBINE\DEBUG\POINTCLOUDCOMBINE.ILK
C:\USERS\DIMI\DOCUMENTS\VISUAL STUDIO 2010\PROJECTS\POINTCLOUDCOMBINE\DEBUG\POINTCLOUDCOMBINE.PDB
C:\USERS\DIMI\DOCUMENTS\VISUAL STUDIO 2010\PROJECTS\POINTCLOUDCOMBINE\POINTCLOUDCOMBINE\DEBUG\.NETFRAMEWORK,VERSION=V4.0.ASSEMBLYATTRIBUTES.OBJ
C:\USERS\DIMI\DOCUMENTS\VISUAL STUDIO 2010\PROJECTS\POINTCLOUDCOMBINE\POINTCLOUDCOMBINE\DEBUG\ARRAYLIST.OBJ
C:\Users\Dimi\Documents\Visual Studio 2010\Projects\PointCloudCombine\PointCloudCombine\Debug\cl.command.1.tlog
C:\Users\Dimi\Documents\Visual Studio 2010\Projects\PointCloudCombine\PointCloudCombine\Debug\CL.read.1.tlog
C:\Users\Dimi\Documents\Visual Studio 2010\Projects\PointCloudCombine\PointCloudCombine\Debug\CL.write.1.tlog
C:\USERS\DIMI\DOCUMENTS\VISUAL STUDIO 2010\PROJECTS\POINTCLOUDCOMBINE\POINTCLOUDCOMBINE\DEBUG\CLOUDCOMBINE.OBJ
C:\USERS\DIMI\DOCUMENTS\VISUAL STUDIO 2010\PROJECTS\POINTCLOUDCOMBINE\POINTCLOUDCOMBINE\DEBUG\GL3W.OBJ
C:\USERS\DIMI\DOCUMENTS\VISUAL STUDIO 2010\PROJECTS\POINTCLOUDCOMBINE\POINTCLOUDCOMBINE\DEBUG\GLSLPROGRAM.OBJ
C:\USERS\DIMI\DOCUMENTS\VISUAL STUDIO 2010\PROJECTS\POINTCLOUDCOMBINE\POINTCLOUDCOMBINE\DEBUG\GLSLSHADER.OBJ
C:\USERS\DIMI\DOCUMENTS\VISUAL STUDIO 2010\PROJECTS\POINTCLOUDCOMBINE\POINTCLOUDCOMBINE\DEBUG\GMATRIX.OBJ
C:\USERS\DIMI\DOCUMENTS\VISUAL STUDIO 2010\PROJECTS\POINTCLOUDCOMBINE\POINTCLOUDCOMBINE\DEBUG\ICP.OBJ
C:\USERS\DIMI\DOCUMENTS\VISUAL STUDIO 2010\PROJECTS\POINTCLOUDCOMBINE\POINTCLOUDCOMBINE\DEBUG\ICPOCTTREE.OBJ
C:\USERS\DIMI\DOCUMENTS\VISUAL STUDIO 2010\PROJECTS\POINTCLOUDCOMBINE\POINTCLOUDCOMBINE\DEBUG\KDTREE.OBJ
C:\Users\Dimi\Documents\Visual Studio 2010\Projects\PointCloudCombine\PointCloudCombine\Debug\link.command.1.tlog
C:\Users\Dimi\Documents\Visual Studio 2010\Projects\PointCloudCombine\PointCloudCombine\Debug\link.read.1.tlog
C:\Users\Dimi\Documents\Visual Studio 2010\Projects\PointCloudCombine\PointCloudCombine\Debug\link.write.1.tlog
C:\USERS\DIMI\DOCUMENTS\VISUAL STUDIO 2010\PROJECTS\POINTCLOUDCOMBINE\POINTCLOUDCOMBINE\DEBUG\MESHOBJECT.OBJ
C:\USERS\DIMI\DOCUMENTS\VISUAL STUDIO 2010\PROJECTS\POINTCLOUDCOMBINE\POINTCLOUDCOMBINE\DEBUG\MOUSEFUNCTIONS.OBJ
C:\Users\Dimi\Documents\Visual Studio 2010\Projects\PointCloudCombine\PointCloudCombine\Debug\mt.command.1.tlog
C:\Users\Dimi\Documents\Visual Studio 2010\Projects\PointCloudCombine\PointCloudCombine\Debug\mt.read.1.tlog
C:\Users\Dimi\Documents\Visual Studio 2010\Projects\PointCloudCombine\PointCloudCombine\Debug\mt.write.1.tlog
C:\USERS\DIMI\DOCUMENTS\VISUAL STUDIO 2010\PROJECTS\POINTCLOUDCOMBINE\POINTCLOUDCOMBINE\DEBUG\OCTTREE.OBJ
C:\USERS\DIMI\DOCUMENTS\VISUAL STUDIO 2010\PROJECTS\POINTCLOUDCOMBINE\POINTCLOUDCOMBINE\DEBUG\POINTCLOUDCOMBINE.EXE.INTERMEDIATE.MANIFEST
C:\USERS\DIMI\DOCUMENTS\VISUAL STUDIO 2010\PROJECTS\POINTCLOUDCOMBINE\POINTCLOUDCOMBINE\DEBUG\POINTCLOUDCOMBINE.OBJ
C:\USERS\DIMI\DOCUMENTS\VISUAL STUDIO 2010\PROJECTS\POINTCLOUDCOMBINE\POINTCLOUDCOMBINE\DEBUG\PROGRAM.OBJ
C:\USERS\DIMI\DOCUMENTS\VISUAL STUDIO 2010\PROJECTS\POINTCLOUDCOMBINE\POINTCLOUDCOMBINE\DEBUG\ROBJ.OBJ
C:\USERS\DIMI\DOCUMENTS\VISUAL STUDIO 2010\PROJECTS\POINTCLOUDCOMBINE\POINTCLOUDCOMBINE\DEBUG\ROBJTOGL.OBJ
C:\USERS\DIMI\DOCUMENTS\VISUAL STUDIO 2010\PROJECTS\POINTCLOUDCOMBINE\POINTCLOUDCOMBINE\DEBUG\RPLY.OBJ
C:\USERS\DIMI\DOCUMENTS\VISUAL STUDIO 2010\PROJECTS\POINTCLOUDCOMBINE\POINTCLOUDCOMBINE\DEBUG\RPLYTOGL.OBJ
C:\USERS\DIMI\DOCUMENTS\VISUAL STUDIO 2010\PROJECTS\POINTCLOUDCOMBINE\POINTCLOUDCOMBINE\DEBUG\RPPOINTS.OBJ
C:\USERS\DIMI\DOCUMENTS\VISUAL STUDIO 2010\PROJECTS\POINTCLOUDCOMBINE\POINTCLOUDCOMBINE\DEBUG\VC100.PDB
