Build started 20.02.2013 12:54:21.
     1>Project "C:\Users\Dimi\Documents\Visual Studio 2010\Projects\OpenGLpractise\SimpleShader\SimpleShader.vcxproj" on node 2 (build target(s)).
     1>InitializeBuildStatus:
         Creating "Debug\SimpleShader.unsuccessfulbuild" because "AlwaysCreate" was specified.
       GenerateTargetFrameworkMonikerAttribute:
       Skipping target "GenerateTargetFrameworkMonikerAttribute" because all output files are up-to-date with respect to the input files.
       ClCompile:
         C:\Program Files\Microsoft Visual Studio 10.0\VC\bin\CL.exe /c /AI"C:\Program Files\Reference Assemblies\Microsoft\Framework\.NETFramework\v4.0" /Zi /nologo /W3 /WX- /Od /Oy- /D WIN32 /D _DEBUG /D _UNICODE /D UNICODE /EHa /MDd /GS /fp:precise /Zc:wchar_t /Zc:forScope /Fo"Debug\\" /Fd"Debug\vc100.pdb" /TC /analyze- /errorReport:prompt Program.c /clr:nostdlib 
         Program.c
     1>Program.c(201): warning C4996: 'gets': This function or variable may be unsafe. Consider using gets_s instead. To disable deprecation, use _CRT_SECURE_NO_WARNINGS. See online help for details.
                 C:\Program Files\Microsoft Visual Studio 10.0\VC\include\stdio.h(277) : see declaration of 'gets'
     1>c:\users\dimi\documents\visual studio 2010\projects\openglpractise\simpleshader\program.c(128): warning C4715: 'loadOBJ' : not all control paths return a value
         All outputs are up-to-date.
         All outputs are up-to-date.
       Link:
         C:\Program Files\Microsoft Visual Studio 10.0\VC\bin\link.exe /ERRORREPORT:PROMPT /OUT:"C:\Users\Dimi\Documents\Visual Studio 2010\Projects\OpenGLpractise\Debug\SimpleShader.exe" /INCREMENTAL /NOLOGO /MANIFEST /ManifestFile:"Debug\SimpleShader.exe.intermediate.manifest" /MANIFESTUAC:"level='asInvoker' uiAccess='false'" /DEBUG /PDB:"C:\Users\Dimi\Documents\Visual Studio 2010\Projects\OpenGLpractise\Debug\SimpleShader.pdb" /ASSEMBLYDEBUG /TLBID:1 /DYNAMICBASE /FIXED:NO /NXCOMPAT /MACHINE:X86 Debug\gl3w.obj
         Debug\arrayList.obj
         Debug\backupp.obj
         Debug\GLSLprogram.obj
         Debug\GLSLshader.obj
         Debug\gMatrix.obj
         Debug\mouseFunctions.obj
         Debug\octTree.obj
         Debug\Program.obj
         Debug\robj.obj
         Debug\robjtogl.obj
         Debug\rply.obj
         Debug\rPPoints.obj
         "Debug\.NETFramework,Version=v4.0.AssemblyAttributes.obj"
         LINK : C:\Users\Dimi\Documents\Visual Studio 2010\Projects\OpenGLpractise\Debug\SimpleShader.exe not found or not built by the last incremental link; performing full link
         SimpleShader.vcxproj -> C:\Users\Dimi\Documents\Visual Studio 2010\Projects\OpenGLpractise\Debug\SimpleShader.exe
       Manifest:
         C:\Program Files\Microsoft SDKs\Windows\v7.0A\bin\mt.exe /nologo /verbose /outputresource:"C:\Users\Dimi\Documents\Visual Studio 2010\Projects\OpenGLpractise\Debug\SimpleShader.exe;#1" /manifest Debug\SimpleShader.exe.intermediate.manifest
       FinalizeBuildStatus:
         Deleting file "Debug\SimpleShader.unsuccessfulbuild".
         Touching "Debug\SimpleShader.lastbuildstate".
     1>Done Building Project "C:\Users\Dimi\Documents\Visual Studio 2010\Projects\OpenGLpractise\SimpleShader\SimpleShader.vcxproj" (build target(s)).

Build succeeded.

Time Elapsed 00:00:01.37
